-------------------------------------------------------------------------------
Test set: self.roashe.kanutils.backend.dao.VocabDaoDbImplTest
-------------------------------------------------------------------------------
Tests run: 11, Failures: 0, Errors: 11, Skipped: 0, Time elapsed: 0.794 s <<< FAILURE! - in self.roashe.kanutils.backend.dao.VocabDaoDbImplTest
testAdd  Time elapsed: 0 s  <<< ERROR!
java.lang.IllegalStateException: Failed to load ApplicationContext
Caused by: org.springframework.beans.factory.BeanDefinitionStoreException: Failed to read candidate component class: file [C:\Users\rolly\OneDrive\Documents\C387repos\KanUtils\target\test-classes\self\roashe\kanutils\backend\GeneralTest.class]; nested exception is org.springframework.core.NestedIOException: ASM ClassReader failed to parse class file - probably due to a new Java class file version that isn't supported yet: file [C:\Users\rolly\OneDrive\Documents\C387repos\KanUtils\target\test-classes\self\roashe\kanutils\backend\GeneralTest.class]; nested exception is java.lang.IllegalArgumentException: Unsupported class file major version 60
Caused by: org.springframework.core.NestedIOException: ASM ClassReader failed to parse class file - probably due to a new Java class file version that isn't supported yet: file [C:\Users\rolly\OneDrive\Documents\C387repos\KanUtils\target\test-classes\self\roashe\kanutils\backend\GeneralTest.class]; nested exception is java.lang.IllegalArgumentException: Unsupported class file major version 60
Caused by: java.lang.IllegalArgumentException: Unsupported class file major version 60

testGet  Time elapsed: 0 s  <<< ERROR!
java.lang.IllegalStateException: Failed to load ApplicationContext
Caused by: org.springframework.beans.factory.BeanDefinitionStoreException: Failed to read candidate component class: file [C:\Users\rolly\OneDrive\Documents\C387repos\KanUtils\target\test-classes\self\roashe\kanutils\backend\GeneralTest.class]; nested exception is org.springframework.core.NestedIOException: ASM ClassReader failed to parse class file - probably due to a new Java class file version that isn't supported yet: file [C:\Users\rolly\OneDrive\Documents\C387repos\KanUtils\target\test-classes\self\roashe\kanutils\backend\GeneralTest.class]; nested exception is java.lang.IllegalArgumentException: Unsupported class file major version 60
Caused by: org.springframework.core.NestedIOException: ASM ClassReader failed to parse class file - probably due to a new Java class file version that isn't supported yet: file [C:\Users\rolly\OneDrive\Documents\C387repos\KanUtils\target\test-classes\self\roashe\kanutils\backend\GeneralTest.class]; nested exception is java.lang.IllegalArgumentException: Unsupported class file major version 60
Caused by: java.lang.IllegalArgumentException: Unsupported class file major version 60

testUpdateData  Time elapsed: 0.001 s  <<< ERROR!
java.lang.IllegalStateException: Failed to load ApplicationContext
Caused by: org.springframework.beans.factory.BeanDefinitionStoreException: Failed to read candidate component class: file [C:\Users\rolly\OneDrive\Documents\C387repos\KanUtils\target\test-classes\self\roashe\kanutils\backend\GeneralTest.class]; nested exception is org.springframework.core.NestedIOException: ASM ClassReader failed to parse class file - probably due to a new Java class file version that isn't supported yet: file [C:\Users\rolly\OneDrive\Documents\C387repos\KanUtils\target\test-classes\self\roashe\kanutils\backend\GeneralTest.class]; nested exception is java.lang.IllegalArgumentException: Unsupported class file major version 60
Caused by: org.springframework.core.NestedIOException: ASM ClassReader failed to parse class file - probably due to a new Java class file version that isn't supported yet: file [C:\Users\rolly\OneDrive\Documents\C387repos\KanUtils\target\test-classes\self\roashe\kanutils\backend\GeneralTest.class]; nested exception is java.lang.IllegalArgumentException: Unsupported class file major version 60
Caused by: java.lang.IllegalArgumentException: Unsupported class file major version 60

testConfiguration  Time elapsed: 0 s  <<< ERROR!
java.lang.IllegalStateException: Failed to load ApplicationContext
Caused by: org.springframework.beans.factory.BeanDefinitionStoreException: Failed to read candidate component class: file [C:\Users\rolly\OneDrive\Documents\C387repos\KanUtils\target\test-classes\self\roashe\kanutils\backend\GeneralTest.class]; nested exception is org.springframework.core.NestedIOException: ASM ClassReader failed to parse class file - probably due to a new Java class file version that isn't supported yet: file [C:\Users\rolly\OneDrive\Documents\C387repos\KanUtils\target\test-classes\self\roashe\kanutils\backend\GeneralTest.class]; nested exception is java.lang.IllegalArgumentException: Unsupported class file major version 60
Caused by: org.springframework.core.NestedIOException: ASM ClassReader failed to parse class file - probably due to a new Java class file version that isn't supported yet: file [C:\Users\rolly\OneDrive\Documents\C387repos\KanUtils\target\test-classes\self\roashe\kanutils\backend\GeneralTest.class]; nested exception is java.lang.IllegalArgumentException: Unsupported class file major version 60
Caused by: java.lang.IllegalArgumentException: Unsupported class file major version 60

testAddExists  Time elapsed: 0.001 s  <<< ERROR!
java.lang.IllegalStateException: Failed to load ApplicationContext
Caused by: org.springframework.beans.factory.BeanDefinitionStoreException: Failed to read candidate component class: file [C:\Users\rolly\OneDrive\Documents\C387repos\KanUtils\target\test-classes\self\roashe\kanutils\backend\GeneralTest.class]; nested exception is org.springframework.core.NestedIOException: ASM ClassReader failed to parse class file - probably due to a new Java class file version that isn't supported yet: file [C:\Users\rolly\OneDrive\Documents\C387repos\KanUtils\target\test-classes\self\roashe\kanutils\backend\GeneralTest.class]; nested exception is java.lang.IllegalArgumentException: Unsupported class file major version 60
Caused by: org.springframework.core.NestedIOException: ASM ClassReader failed to parse class file - probably due to a new Java class file version that isn't supported yet: file [C:\Users\rolly\OneDrive\Documents\C387repos\KanUtils\target\test-classes\self\roashe\kanutils\backend\GeneralTest.class]; nested exception is java.lang.IllegalArgumentException: Unsupported class file major version 60
Caused by: java.lang.IllegalArgumentException: Unsupported class file major version 60

testDeleteDoesNotExist  Time elapsed: 0.001 s  <<< ERROR!
java.lang.IllegalStateException: Failed to load ApplicationContext
Caused by: org.springframework.beans.factory.BeanDefinitionStoreException: Failed to read candidate component class: file [C:\Users\rolly\OneDrive\Documents\C387repos\KanUtils\target\test-classes\self\roashe\kanutils\backend\GeneralTest.class]; nested exception is org.springframework.core.NestedIOException: ASM ClassReader failed to parse class file - probably due to a new Java class file version that isn't supported yet: file [C:\Users\rolly\OneDrive\Documents\C387repos\KanUtils\target\test-classes\self\roashe\kanutils\backend\GeneralTest.class]; nested exception is java.lang.IllegalArgumentException: Unsupported class file major version 60
Caused by: org.springframework.core.NestedIOException: ASM ClassReader failed to parse class file - probably due to a new Java class file version that isn't supported yet: file [C:\Users\rolly\OneDrive\Documents\C387repos\KanUtils\target\test-classes\self\roashe\kanutils\backend\GeneralTest.class]; nested exception is java.lang.IllegalArgumentException: Unsupported class file major version 60
Caused by: java.lang.IllegalArgumentException: Unsupported class file major version 60

testGetDoesNotExist  Time elapsed: 0 s  <<< ERROR!
java.lang.IllegalStateException: Failed to load ApplicationContext
Caused by: org.springframework.beans.factory.BeanDefinitionStoreException: Failed to read candidate component class: file [C:\Users\rolly\OneDrive\Documents\C387repos\KanUtils\target\test-classes\self\roashe\kanutils\backend\GeneralTest.class]; nested exception is org.springframework.core.NestedIOException: ASM ClassReader failed to parse class file - probably due to a new Java class file version that isn't supported yet: file [C:\Users\rolly\OneDrive\Documents\C387repos\KanUtils\target\test-classes\self\roashe\kanutils\backend\GeneralTest.class]; nested exception is java.lang.IllegalArgumentException: Unsupported class file major version 60
Caused by: org.springframework.core.NestedIOException: ASM ClassReader failed to parse class file - probably due to a new Java class file version that isn't supported yet: file [C:\Users\rolly\OneDrive\Documents\C387repos\KanUtils\target\test-classes\self\roashe\kanutils\backend\GeneralTest.class]; nested exception is java.lang.IllegalArgumentException: Unsupported class file major version 60
Caused by: java.lang.IllegalArgumentException: Unsupported class file major version 60

testDelete  Time elapsed: 0 s  <<< ERROR!
java.lang.IllegalStateException: Failed to load ApplicationContext
Caused by: org.springframework.beans.factory.BeanDefinitionStoreException: Failed to read candidate component class: file [C:\Users\rolly\OneDrive\Documents\C387repos\KanUtils\target\test-classes\self\roashe\kanutils\backend\GeneralTest.class]; nested exception is org.springframework.core.NestedIOException: ASM ClassReader failed to parse class file - probably due to a new Java class file version that isn't supported yet: file [C:\Users\rolly\OneDrive\Documents\C387repos\KanUtils\target\test-classes\self\roashe\kanutils\backend\GeneralTest.class]; nested exception is java.lang.IllegalArgumentException: Unsupported class file major version 60
Caused by: org.springframework.core.NestedIOException: ASM ClassReader failed to parse class file - probably due to a new Java class file version that isn't supported yet: file [C:\Users\rolly\OneDrive\Documents\C387repos\KanUtils\target\test-classes\self\roashe\kanutils\backend\GeneralTest.class]; nested exception is java.lang.IllegalArgumentException: Unsupported class file major version 60
Caused by: java.lang.IllegalArgumentException: Unsupported class file major version 60

testGetNoTags  Time elapsed: 0 s  <<< ERROR!
java.lang.IllegalStateException: Failed to load ApplicationContext
Caused by: org.springframework.beans.factory.BeanDefinitionStoreException: Failed to read candidate component class: file [C:\Users\rolly\OneDrive\Documents\C387repos\KanUtils\target\test-classes\self\roashe\kanutils\backend\GeneralTest.class]; nested exception is org.springframework.core.NestedIOException: ASM ClassReader failed to parse class file - probably due to a new Java class file version that isn't supported yet: file [C:\Users\rolly\OneDrive\Documents\C387repos\KanUtils\target\test-classes\self\roashe\kanutils\backend\GeneralTest.class]; nested exception is java.lang.IllegalArgumentException: Unsupported class file major version 60
Caused by: org.springframework.core.NestedIOException: ASM ClassReader failed to parse class file - probably due to a new Java class file version that isn't supported yet: file [C:\Users\rolly\OneDrive\Documents\C387repos\KanUtils\target\test-classes\self\roashe\kanutils\backend\GeneralTest.class]; nested exception is java.lang.IllegalArgumentException: Unsupported class file major version 60
Caused by: java.lang.IllegalArgumentException: Unsupported class file major version 60

testGetAll  Time elapsed: 0.001 s  <<< ERROR!
java.lang.IllegalStateException: Failed to load ApplicationContext
Caused by: org.springframework.beans.factory.BeanDefinitionStoreException: Failed to read candidate component class: file [C:\Users\rolly\OneDrive\Documents\C387repos\KanUtils\target\test-classes\self\roashe\kanutils\backend\GeneralTest.class]; nested exception is org.springframework.core.NestedIOException: ASM ClassReader failed to parse class file - probably due to a new Java class file version that isn't supported yet: file [C:\Users\rolly\OneDrive\Documents\C387repos\KanUtils\target\test-classes\self\roashe\kanutils\backend\GeneralTest.class]; nested exception is java.lang.IllegalArgumentException: Unsupported class file major version 60
Caused by: org.springframework.core.NestedIOException: ASM ClassReader failed to parse class file - probably due to a new Java class file version that isn't supported yet: file [C:\Users\rolly\OneDrive\Documents\C387repos\KanUtils\target\test-classes\self\roashe\kanutils\backend\GeneralTest.class]; nested exception is java.lang.IllegalArgumentException: Unsupported class file major version 60
Caused by: java.lang.IllegalArgumentException: Unsupported class file major version 60

testAddWithTags  Time elapsed: 0 s  <<< ERROR!
java.lang.IllegalStateException: Failed to load ApplicationContext
Caused by: org.springframework.beans.factory.BeanDefinitionStoreException: Failed to read candidate component class: file [C:\Users\rolly\OneDrive\Documents\C387repos\KanUtils\target\test-classes\self\roashe\kanutils\backend\GeneralTest.class]; nested exception is org.springframework.core.NestedIOException: ASM ClassReader failed to parse class file - probably due to a new Java class file version that isn't supported yet: file [C:\Users\rolly\OneDrive\Documents\C387repos\KanUtils\target\test-classes\self\roashe\kanutils\backend\GeneralTest.class]; nested exception is java.lang.IllegalArgumentException: Unsupported class file major version 60
Caused by: org.springframework.core.NestedIOException: ASM ClassReader failed to parse class file - probably due to a new Java class file version that isn't supported yet: file [C:\Users\rolly\OneDrive\Documents\C387repos\KanUtils\target\test-classes\self\roashe\kanutils\backend\GeneralTest.class]; nested exception is java.lang.IllegalArgumentException: Unsupported class file major version 60
Caused by: java.lang.IllegalArgumentException: Unsupported class file major version 60

