-------------------------------------------------------------------------------
Test set: self.roashe.kanutils.backend.dao.VocabDaoDbImplTest
-------------------------------------------------------------------------------
Tests run: 6, Failures: 0, Errors: 6, Skipped: 0, Time elapsed: 6.174 s <<< FAILURE! - in self.roashe.kanutils.backend.dao.VocabDaoDbImplTest
testAdd  Time elapsed: 1.023 s  <<< ERROR!
org.springframework.jdbc.CannotGetJdbcConnectionException: 
Failed to obtain JDBC Connection; nested exception is com.mysql.cj.jdbc.exceptions.CommunicationsException: Communications link failure

The last packet sent successfully to the server was 0 milliseconds ago. The driver has not received any packets from the server.
	at self.roashe.kanutils.backend.dao.VocabDaoDbImplTest.setUp(VocabDaoDbImplTest.java:27)
Caused by: com.mysql.cj.jdbc.exceptions.CommunicationsException: 
Communications link failure

The last packet sent successfully to the server was 0 milliseconds ago. The driver has not received any packets from the server.
	at self.roashe.kanutils.backend.dao.VocabDaoDbImplTest.setUp(VocabDaoDbImplTest.java:27)
Caused by: com.mysql.cj.exceptions.CJCommunicationsException: 
Communications link failure

The last packet sent successfully to the server was 0 milliseconds ago. The driver has not received any packets from the server.
	at self.roashe.kanutils.backend.dao.VocabDaoDbImplTest.setUp(VocabDaoDbImplTest.java:27)
Caused by: java.net.ConnectException: Connection refused: getsockopt
	at self.roashe.kanutils.backend.dao.VocabDaoDbImplTest.setUp(VocabDaoDbImplTest.java:27)

testGet  Time elapsed: 1.042 s  <<< ERROR!
org.springframework.jdbc.CannotGetJdbcConnectionException: 
Failed to obtain JDBC Connection; nested exception is com.mysql.cj.jdbc.exceptions.CommunicationsException: Communications link failure

The last packet sent successfully to the server was 0 milliseconds ago. The driver has not received any packets from the server.
	at self.roashe.kanutils.backend.dao.VocabDaoDbImplTest.setUp(VocabDaoDbImplTest.java:27)
Caused by: com.mysql.cj.jdbc.exceptions.CommunicationsException: 
Communications link failure

The last packet sent successfully to the server was 0 milliseconds ago. The driver has not received any packets from the server.
	at self.roashe.kanutils.backend.dao.VocabDaoDbImplTest.setUp(VocabDaoDbImplTest.java:27)
Caused by: com.mysql.cj.exceptions.CJCommunicationsException: 
Communications link failure

The last packet sent successfully to the server was 0 milliseconds ago. The driver has not received any packets from the server.
	at self.roashe.kanutils.backend.dao.VocabDaoDbImplTest.setUp(VocabDaoDbImplTest.java:27)
Caused by: java.net.ConnectException: Connection refused: getsockopt
	at self.roashe.kanutils.backend.dao.VocabDaoDbImplTest.setUp(VocabDaoDbImplTest.java:27)

testConfiguration  Time elapsed: 1.027 s  <<< ERROR!
org.springframework.jdbc.CannotGetJdbcConnectionException: 
Failed to obtain JDBC Connection; nested exception is com.mysql.cj.jdbc.exceptions.CommunicationsException: Communications link failure

The last packet sent successfully to the server was 0 milliseconds ago. The driver has not received any packets from the server.
	at self.roashe.kanutils.backend.dao.VocabDaoDbImplTest.setUp(VocabDaoDbImplTest.java:27)
Caused by: com.mysql.cj.jdbc.exceptions.CommunicationsException: 
Communications link failure

The last packet sent successfully to the server was 0 milliseconds ago. The driver has not received any packets from the server.
	at self.roashe.kanutils.backend.dao.VocabDaoDbImplTest.setUp(VocabDaoDbImplTest.java:27)
Caused by: com.mysql.cj.exceptions.CJCommunicationsException: 
Communications link failure

The last packet sent successfully to the server was 0 milliseconds ago. The driver has not received any packets from the server.
	at self.roashe.kanutils.backend.dao.VocabDaoDbImplTest.setUp(VocabDaoDbImplTest.java:27)
Caused by: java.net.ConnectException: Connection refused: getsockopt
	at self.roashe.kanutils.backend.dao.VocabDaoDbImplTest.setUp(VocabDaoDbImplTest.java:27)

testAddExists  Time elapsed: 1.019 s  <<< ERROR!
org.springframework.jdbc.CannotGetJdbcConnectionException: 
Failed to obtain JDBC Connection; nested exception is com.mysql.cj.jdbc.exceptions.CommunicationsException: Communications link failure

The last packet sent successfully to the server was 0 milliseconds ago. The driver has not received any packets from the server.
	at self.roashe.kanutils.backend.dao.VocabDaoDbImplTest.setUp(VocabDaoDbImplTest.java:27)
Caused by: com.mysql.cj.jdbc.exceptions.CommunicationsException: 
Communications link failure

The last packet sent successfully to the server was 0 milliseconds ago. The driver has not received any packets from the server.
	at self.roashe.kanutils.backend.dao.VocabDaoDbImplTest.setUp(VocabDaoDbImplTest.java:27)
Caused by: com.mysql.cj.exceptions.CJCommunicationsException: 
Communications link failure

The last packet sent successfully to the server was 0 milliseconds ago. The driver has not received any packets from the server.
	at self.roashe.kanutils.backend.dao.VocabDaoDbImplTest.setUp(VocabDaoDbImplTest.java:27)
Caused by: java.net.ConnectException: Connection refused: getsockopt
	at self.roashe.kanutils.backend.dao.VocabDaoDbImplTest.setUp(VocabDaoDbImplTest.java:27)

testGetDoesNotExist  Time elapsed: 1.018 s  <<< ERROR!
org.springframework.jdbc.CannotGetJdbcConnectionException: 
Failed to obtain JDBC Connection; nested exception is com.mysql.cj.jdbc.exceptions.CommunicationsException: Communications link failure

The last packet sent successfully to the server was 0 milliseconds ago. The driver has not received any packets from the server.
	at self.roashe.kanutils.backend.dao.VocabDaoDbImplTest.setUp(VocabDaoDbImplTest.java:27)
Caused by: com.mysql.cj.jdbc.exceptions.CommunicationsException: 
Communications link failure

The last packet sent successfully to the server was 0 milliseconds ago. The driver has not received any packets from the server.
	at self.roashe.kanutils.backend.dao.VocabDaoDbImplTest.setUp(VocabDaoDbImplTest.java:27)
Caused by: com.mysql.cj.exceptions.CJCommunicationsException: 
Communications link failure

The last packet sent successfully to the server was 0 milliseconds ago. The driver has not received any packets from the server.
	at self.roashe.kanutils.backend.dao.VocabDaoDbImplTest.setUp(VocabDaoDbImplTest.java:27)
Caused by: java.net.ConnectException: Connection refused: getsockopt
	at self.roashe.kanutils.backend.dao.VocabDaoDbImplTest.setUp(VocabDaoDbImplTest.java:27)

testGetAll  Time elapsed: 1.033 s  <<< ERROR!
org.springframework.jdbc.CannotGetJdbcConnectionException: 
Failed to obtain JDBC Connection; nested exception is com.mysql.cj.jdbc.exceptions.CommunicationsException: Communications link failure

The last packet sent successfully to the server was 0 milliseconds ago. The driver has not received any packets from the server.
	at self.roashe.kanutils.backend.dao.VocabDaoDbImplTest.setUp(VocabDaoDbImplTest.java:27)
Caused by: com.mysql.cj.jdbc.exceptions.CommunicationsException: 
Communications link failure

The last packet sent successfully to the server was 0 milliseconds ago. The driver has not received any packets from the server.
	at self.roashe.kanutils.backend.dao.VocabDaoDbImplTest.setUp(VocabDaoDbImplTest.java:27)
Caused by: com.mysql.cj.exceptions.CJCommunicationsException: 
Communications link failure

The last packet sent successfully to the server was 0 milliseconds ago. The driver has not received any packets from the server.
	at self.roashe.kanutils.backend.dao.VocabDaoDbImplTest.setUp(VocabDaoDbImplTest.java:27)
Caused by: java.net.ConnectException: Connection refused: getsockopt
	at self.roashe.kanutils.backend.dao.VocabDaoDbImplTest.setUp(VocabDaoDbImplTest.java:27)

