-------------------------------------------------------------------------------
Test set: self.roashe.kanutils.backend.service.KanjiServiceImplTest
-------------------------------------------------------------------------------
Tests run: 5, Failures: 0, Errors: 5, Skipped: 0, Time elapsed: 0.397 s <<< FAILURE! - in self.roashe.kanutils.backend.service.KanjiServiceImplTest
testAddKanjiMixedText  Time elapsed: 0.001 s  <<< ERROR!
java.lang.IllegalStateException: Failed to load ApplicationContext
Caused by: org.springframework.beans.factory.BeanDefinitionStoreException: Failed to read candidate component class: file [C:\Users\rolly\OneDrive\Documents\C387repos\KanUtils\target\test-classes\self\roashe\kanutils\backend\GeneralTest.class]; nested exception is org.springframework.core.NestedIOException: ASM ClassReader failed to parse class file - probably due to a new Java class file version that isn't supported yet: file [C:\Users\rolly\OneDrive\Documents\C387repos\KanUtils\target\test-classes\self\roashe\kanutils\backend\GeneralTest.class]; nested exception is java.lang.IllegalArgumentException: Unsupported class file major version 60
Caused by: org.springframework.core.NestedIOException: ASM ClassReader failed to parse class file - probably due to a new Java class file version that isn't supported yet: file [C:\Users\rolly\OneDrive\Documents\C387repos\KanUtils\target\test-classes\self\roashe\kanutils\backend\GeneralTest.class]; nested exception is java.lang.IllegalArgumentException: Unsupported class file major version 60
Caused by: java.lang.IllegalArgumentException: Unsupported class file major version 60

testAddKanjiDataSet  Time elapsed: 0 s  <<< ERROR!
java.lang.IllegalStateException: Failed to load ApplicationContext
Caused by: org.springframework.beans.factory.BeanDefinitionStoreException: Failed to read candidate component class: file [C:\Users\rolly\OneDrive\Documents\C387repos\KanUtils\target\test-classes\self\roashe\kanutils\backend\GeneralTest.class]; nested exception is org.springframework.core.NestedIOException: ASM ClassReader failed to parse class file - probably due to a new Java class file version that isn't supported yet: file [C:\Users\rolly\OneDrive\Documents\C387repos\KanUtils\target\test-classes\self\roashe\kanutils\backend\GeneralTest.class]; nested exception is java.lang.IllegalArgumentException: Unsupported class file major version 60
Caused by: org.springframework.core.NestedIOException: ASM ClassReader failed to parse class file - probably due to a new Java class file version that isn't supported yet: file [C:\Users\rolly\OneDrive\Documents\C387repos\KanUtils\target\test-classes\self\roashe\kanutils\backend\GeneralTest.class]; nested exception is java.lang.IllegalArgumentException: Unsupported class file major version 60
Caused by: java.lang.IllegalArgumentException: Unsupported class file major version 60

testAddKanji  Time elapsed: 0 s  <<< ERROR!
java.lang.IllegalStateException: Failed to load ApplicationContext
Caused by: org.springframework.beans.factory.BeanDefinitionStoreException: Failed to read candidate component class: file [C:\Users\rolly\OneDrive\Documents\C387repos\KanUtils\target\test-classes\self\roashe\kanutils\backend\GeneralTest.class]; nested exception is org.springframework.core.NestedIOException: ASM ClassReader failed to parse class file - probably due to a new Java class file version that isn't supported yet: file [C:\Users\rolly\OneDrive\Documents\C387repos\KanUtils\target\test-classes\self\roashe\kanutils\backend\GeneralTest.class]; nested exception is java.lang.IllegalArgumentException: Unsupported class file major version 60
Caused by: org.springframework.core.NestedIOException: ASM ClassReader failed to parse class file - probably due to a new Java class file version that isn't supported yet: file [C:\Users\rolly\OneDrive\Documents\C387repos\KanUtils\target\test-classes\self\roashe\kanutils\backend\GeneralTest.class]; nested exception is java.lang.IllegalArgumentException: Unsupported class file major version 60
Caused by: java.lang.IllegalArgumentException: Unsupported class file major version 60

testAddKanjiNoKanji  Time elapsed: 0 s  <<< ERROR!
java.lang.IllegalStateException: Failed to load ApplicationContext
Caused by: org.springframework.beans.factory.BeanDefinitionStoreException: Failed to read candidate component class: file [C:\Users\rolly\OneDrive\Documents\C387repos\KanUtils\target\test-classes\self\roashe\kanutils\backend\GeneralTest.class]; nested exception is org.springframework.core.NestedIOException: ASM ClassReader failed to parse class file - probably due to a new Java class file version that isn't supported yet: file [C:\Users\rolly\OneDrive\Documents\C387repos\KanUtils\target\test-classes\self\roashe\kanutils\backend\GeneralTest.class]; nested exception is java.lang.IllegalArgumentException: Unsupported class file major version 60
Caused by: org.springframework.core.NestedIOException: ASM ClassReader failed to parse class file - probably due to a new Java class file version that isn't supported yet: file [C:\Users\rolly\OneDrive\Documents\C387repos\KanUtils\target\test-classes\self\roashe\kanutils\backend\GeneralTest.class]; nested exception is java.lang.IllegalArgumentException: Unsupported class file major version 60
Caused by: java.lang.IllegalArgumentException: Unsupported class file major version 60

testAddKanjiMultiple  Time elapsed: 0.001 s  <<< ERROR!
java.lang.IllegalStateException: Failed to load ApplicationContext
Caused by: org.springframework.beans.factory.BeanDefinitionStoreException: Failed to read candidate component class: file [C:\Users\rolly\OneDrive\Documents\C387repos\KanUtils\target\test-classes\self\roashe\kanutils\backend\GeneralTest.class]; nested exception is org.springframework.core.NestedIOException: ASM ClassReader failed to parse class file - probably due to a new Java class file version that isn't supported yet: file [C:\Users\rolly\OneDrive\Documents\C387repos\KanUtils\target\test-classes\self\roashe\kanutils\backend\GeneralTest.class]; nested exception is java.lang.IllegalArgumentException: Unsupported class file major version 60
Caused by: org.springframework.core.NestedIOException: ASM ClassReader failed to parse class file - probably due to a new Java class file version that isn't supported yet: file [C:\Users\rolly\OneDrive\Documents\C387repos\KanUtils\target\test-classes\self\roashe\kanutils\backend\GeneralTest.class]; nested exception is java.lang.IllegalArgumentException: Unsupported class file major version 60
Caused by: java.lang.IllegalArgumentException: Unsupported class file major version 60

