-------------------------------------------------------------------------------
Test set: self.roashe.kanutils.backend.dao.KanjiDaoDbImplTest
-------------------------------------------------------------------------------
Tests run: 14, Failures: 0, Errors: 14, Skipped: 0, Time elapsed: 2.997 s <<< FAILURE! - in self.roashe.kanutils.backend.dao.KanjiDaoDbImplTest
testGetByKun  Time elapsed: 0.008 s  <<< ERROR!
java.lang.IllegalStateException: Failed to load ApplicationContext
Caused by: org.springframework.beans.factory.BeanDefinitionStoreException: Failed to read candidate component class: file [C:\Users\rolly\OneDrive\Documents\C387repos\KanUtils\target\test-classes\self\roashe\kanutils\backend\GeneralTest.class]; nested exception is org.springframework.core.NestedIOException: ASM ClassReader failed to parse class file - probably due to a new Java class file version that isn't supported yet: file [C:\Users\rolly\OneDrive\Documents\C387repos\KanUtils\target\test-classes\self\roashe\kanutils\backend\GeneralTest.class]; nested exception is java.lang.IllegalArgumentException: Unsupported class file major version 60
Caused by: org.springframework.core.NestedIOException: ASM ClassReader failed to parse class file - probably due to a new Java class file version that isn't supported yet: file [C:\Users\rolly\OneDrive\Documents\C387repos\KanUtils\target\test-classes\self\roashe\kanutils\backend\GeneralTest.class]; nested exception is java.lang.IllegalArgumentException: Unsupported class file major version 60
Caused by: java.lang.IllegalArgumentException: Unsupported class file major version 60

testGetByKunKatakana  Time elapsed: 0 s  <<< ERROR!
java.lang.IllegalStateException: Failed to load ApplicationContext
Caused by: org.springframework.beans.factory.BeanDefinitionStoreException: Failed to read candidate component class: file [C:\Users\rolly\OneDrive\Documents\C387repos\KanUtils\target\test-classes\self\roashe\kanutils\backend\GeneralTest.class]; nested exception is org.springframework.core.NestedIOException: ASM ClassReader failed to parse class file - probably due to a new Java class file version that isn't supported yet: file [C:\Users\rolly\OneDrive\Documents\C387repos\KanUtils\target\test-classes\self\roashe\kanutils\backend\GeneralTest.class]; nested exception is java.lang.IllegalArgumentException: Unsupported class file major version 60
Caused by: org.springframework.core.NestedIOException: ASM ClassReader failed to parse class file - probably due to a new Java class file version that isn't supported yet: file [C:\Users\rolly\OneDrive\Documents\C387repos\KanUtils\target\test-classes\self\roashe\kanutils\backend\GeneralTest.class]; nested exception is java.lang.IllegalArgumentException: Unsupported class file major version 60
Caused by: java.lang.IllegalArgumentException: Unsupported class file major version 60

testValuesAdded  Time elapsed: 0.001 s  <<< ERROR!
java.lang.IllegalStateException: Failed to load ApplicationContext
Caused by: org.springframework.beans.factory.BeanDefinitionStoreException: Failed to read candidate component class: file [C:\Users\rolly\OneDrive\Documents\C387repos\KanUtils\target\test-classes\self\roashe\kanutils\backend\GeneralTest.class]; nested exception is org.springframework.core.NestedIOException: ASM ClassReader failed to parse class file - probably due to a new Java class file version that isn't supported yet: file [C:\Users\rolly\OneDrive\Documents\C387repos\KanUtils\target\test-classes\self\roashe\kanutils\backend\GeneralTest.class]; nested exception is java.lang.IllegalArgumentException: Unsupported class file major version 60
Caused by: org.springframework.core.NestedIOException: ASM ClassReader failed to parse class file - probably due to a new Java class file version that isn't supported yet: file [C:\Users\rolly\OneDrive\Documents\C387repos\KanUtils\target\test-classes\self\roashe\kanutils\backend\GeneralTest.class]; nested exception is java.lang.IllegalArgumentException: Unsupported class file major version 60
Caused by: java.lang.IllegalArgumentException: Unsupported class file major version 60

testDelte  Time elapsed: 0.002 s  <<< ERROR!
java.lang.IllegalStateException: Failed to load ApplicationContext
Caused by: org.springframework.beans.factory.BeanDefinitionStoreException: Failed to read candidate component class: file [C:\Users\rolly\OneDrive\Documents\C387repos\KanUtils\target\test-classes\self\roashe\kanutils\backend\GeneralTest.class]; nested exception is org.springframework.core.NestedIOException: ASM ClassReader failed to parse class file - probably due to a new Java class file version that isn't supported yet: file [C:\Users\rolly\OneDrive\Documents\C387repos\KanUtils\target\test-classes\self\roashe\kanutils\backend\GeneralTest.class]; nested exception is java.lang.IllegalArgumentException: Unsupported class file major version 60
Caused by: org.springframework.core.NestedIOException: ASM ClassReader failed to parse class file - probably due to a new Java class file version that isn't supported yet: file [C:\Users\rolly\OneDrive\Documents\C387repos\KanUtils\target\test-classes\self\roashe\kanutils\backend\GeneralTest.class]; nested exception is java.lang.IllegalArgumentException: Unsupported class file major version 60
Caused by: java.lang.IllegalArgumentException: Unsupported class file major version 60

testGetByOn  Time elapsed: 0.001 s  <<< ERROR!
java.lang.IllegalStateException: Failed to load ApplicationContext
Caused by: org.springframework.beans.factory.BeanDefinitionStoreException: Failed to read candidate component class: file [C:\Users\rolly\OneDrive\Documents\C387repos\KanUtils\target\test-classes\self\roashe\kanutils\backend\GeneralTest.class]; nested exception is org.springframework.core.NestedIOException: ASM ClassReader failed to parse class file - probably due to a new Java class file version that isn't supported yet: file [C:\Users\rolly\OneDrive\Documents\C387repos\KanUtils\target\test-classes\self\roashe\kanutils\backend\GeneralTest.class]; nested exception is java.lang.IllegalArgumentException: Unsupported class file major version 60
Caused by: org.springframework.core.NestedIOException: ASM ClassReader failed to parse class file - probably due to a new Java class file version that isn't supported yet: file [C:\Users\rolly\OneDrive\Documents\C387repos\KanUtils\target\test-classes\self\roashe\kanutils\backend\GeneralTest.class]; nested exception is java.lang.IllegalArgumentException: Unsupported class file major version 60
Caused by: java.lang.IllegalArgumentException: Unsupported class file major version 60

testAutowiring  Time elapsed: 0.001 s  <<< ERROR!
java.lang.IllegalStateException: Failed to load ApplicationContext
Caused by: org.springframework.beans.factory.BeanDefinitionStoreException: Failed to read candidate component class: file [C:\Users\rolly\OneDrive\Documents\C387repos\KanUtils\target\test-classes\self\roashe\kanutils\backend\GeneralTest.class]; nested exception is org.springframework.core.NestedIOException: ASM ClassReader failed to parse class file - probably due to a new Java class file version that isn't supported yet: file [C:\Users\rolly\OneDrive\Documents\C387repos\KanUtils\target\test-classes\self\roashe\kanutils\backend\GeneralTest.class]; nested exception is java.lang.IllegalArgumentException: Unsupported class file major version 60
Caused by: org.springframework.core.NestedIOException: ASM ClassReader failed to parse class file - probably due to a new Java class file version that isn't supported yet: file [C:\Users\rolly\OneDrive\Documents\C387repos\KanUtils\target\test-classes\self\roashe\kanutils\backend\GeneralTest.class]; nested exception is java.lang.IllegalArgumentException: Unsupported class file major version 60
Caused by: java.lang.IllegalArgumentException: Unsupported class file major version 60

testAddExists  Time elapsed: 0 s  <<< ERROR!
java.lang.IllegalStateException: Failed to load ApplicationContext
Caused by: org.springframework.beans.factory.BeanDefinitionStoreException: Failed to read candidate component class: file [C:\Users\rolly\OneDrive\Documents\C387repos\KanUtils\target\test-classes\self\roashe\kanutils\backend\GeneralTest.class]; nested exception is org.springframework.core.NestedIOException: ASM ClassReader failed to parse class file - probably due to a new Java class file version that isn't supported yet: file [C:\Users\rolly\OneDrive\Documents\C387repos\KanUtils\target\test-classes\self\roashe\kanutils\backend\GeneralTest.class]; nested exception is java.lang.IllegalArgumentException: Unsupported class file major version 60
Caused by: org.springframework.core.NestedIOException: ASM ClassReader failed to parse class file - probably due to a new Java class file version that isn't supported yet: file [C:\Users\rolly\OneDrive\Documents\C387repos\KanUtils\target\test-classes\self\roashe\kanutils\backend\GeneralTest.class]; nested exception is java.lang.IllegalArgumentException: Unsupported class file major version 60
Caused by: java.lang.IllegalArgumentException: Unsupported class file major version 60

testGetAllMissingParts  Time elapsed: 0 s  <<< ERROR!
java.lang.IllegalStateException: Failed to load ApplicationContext
Caused by: org.springframework.beans.factory.BeanDefinitionStoreException: Failed to read candidate component class: file [C:\Users\rolly\OneDrive\Documents\C387repos\KanUtils\target\test-classes\self\roashe\kanutils\backend\GeneralTest.class]; nested exception is org.springframework.core.NestedIOException: ASM ClassReader failed to parse class file - probably due to a new Java class file version that isn't supported yet: file [C:\Users\rolly\OneDrive\Documents\C387repos\KanUtils\target\test-classes\self\roashe\kanutils\backend\GeneralTest.class]; nested exception is java.lang.IllegalArgumentException: Unsupported class file major version 60
Caused by: org.springframework.core.NestedIOException: ASM ClassReader failed to parse class file - probably due to a new Java class file version that isn't supported yet: file [C:\Users\rolly\OneDrive\Documents\C387repos\KanUtils\target\test-classes\self\roashe\kanutils\backend\GeneralTest.class]; nested exception is java.lang.IllegalArgumentException: Unsupported class file major version 60
Caused by: java.lang.IllegalArgumentException: Unsupported class file major version 60

testGetByOnMixedCharacters  Time elapsed: 0 s  <<< ERROR!
java.lang.IllegalStateException: Failed to load ApplicationContext
Caused by: org.springframework.beans.factory.BeanDefinitionStoreException: Failed to read candidate component class: file [C:\Users\rolly\OneDrive\Documents\C387repos\KanUtils\target\test-classes\self\roashe\kanutils\backend\GeneralTest.class]; nested exception is org.springframework.core.NestedIOException: ASM ClassReader failed to parse class file - probably due to a new Java class file version that isn't supported yet: file [C:\Users\rolly\OneDrive\Documents\C387repos\KanUtils\target\test-classes\self\roashe\kanutils\backend\GeneralTest.class]; nested exception is java.lang.IllegalArgumentException: Unsupported class file major version 60
Caused by: org.springframework.core.NestedIOException: ASM ClassReader failed to parse class file - probably due to a new Java class file version that isn't supported yet: file [C:\Users\rolly\OneDrive\Documents\C387repos\KanUtils\target\test-classes\self\roashe\kanutils\backend\GeneralTest.class]; nested exception is java.lang.IllegalArgumentException: Unsupported class file major version 60
Caused by: java.lang.IllegalArgumentException: Unsupported class file major version 60

testExport  Time elapsed: 0.003 s  <<< ERROR!
java.lang.IllegalStateException: Failed to load ApplicationContext
Caused by: org.springframework.beans.factory.BeanDefinitionStoreException: Failed to read candidate component class: file [C:\Users\rolly\OneDrive\Documents\C387repos\KanUtils\target\test-classes\self\roashe\kanutils\backend\GeneralTest.class]; nested exception is org.springframework.core.NestedIOException: ASM ClassReader failed to parse class file - probably due to a new Java class file version that isn't supported yet: file [C:\Users\rolly\OneDrive\Documents\C387repos\KanUtils\target\test-classes\self\roashe\kanutils\backend\GeneralTest.class]; nested exception is java.lang.IllegalArgumentException: Unsupported class file major version 60
Caused by: org.springframework.core.NestedIOException: ASM ClassReader failed to parse class file - probably due to a new Java class file version that isn't supported yet: file [C:\Users\rolly\OneDrive\Documents\C387repos\KanUtils\target\test-classes\self\roashe\kanutils\backend\GeneralTest.class]; nested exception is java.lang.IllegalArgumentException: Unsupported class file major version 60
Caused by: java.lang.IllegalArgumentException: Unsupported class file major version 60

testGetAll  Time elapsed: 0 s  <<< ERROR!
java.lang.IllegalStateException: Failed to load ApplicationContext
Caused by: org.springframework.beans.factory.BeanDefinitionStoreException: Failed to read candidate component class: file [C:\Users\rolly\OneDrive\Documents\C387repos\KanUtils\target\test-classes\self\roashe\kanutils\backend\GeneralTest.class]; nested exception is org.springframework.core.NestedIOException: ASM ClassReader failed to parse class file - probably due to a new Java class file version that isn't supported yet: file [C:\Users\rolly\OneDrive\Documents\C387repos\KanUtils\target\test-classes\self\roashe\kanutils\backend\GeneralTest.class]; nested exception is java.lang.IllegalArgumentException: Unsupported class file major version 60
Caused by: org.springframework.core.NestedIOException: ASM ClassReader failed to parse class file - probably due to a new Java class file version that isn't supported yet: file [C:\Users\rolly\OneDrive\Documents\C387repos\KanUtils\target\test-classes\self\roashe\kanutils\backend\GeneralTest.class]; nested exception is java.lang.IllegalArgumentException: Unsupported class file major version 60
Caused by: java.lang.IllegalArgumentException: Unsupported class file major version 60

testGetByKunMixedCharacters  Time elapsed: 0 s  <<< ERROR!
java.lang.IllegalStateException: Failed to load ApplicationContext
Caused by: org.springframework.beans.factory.BeanDefinitionStoreException: Failed to read candidate component class: file [C:\Users\rolly\OneDrive\Documents\C387repos\KanUtils\target\test-classes\self\roashe\kanutils\backend\GeneralTest.class]; nested exception is org.springframework.core.NestedIOException: ASM ClassReader failed to parse class file - probably due to a new Java class file version that isn't supported yet: file [C:\Users\rolly\OneDrive\Documents\C387repos\KanUtils\target\test-classes\self\roashe\kanutils\backend\GeneralTest.class]; nested exception is java.lang.IllegalArgumentException: Unsupported class file major version 60
Caused by: org.springframework.core.NestedIOException: ASM ClassReader failed to parse class file - probably due to a new Java class file version that isn't supported yet: file [C:\Users\rolly\OneDrive\Documents\C387repos\KanUtils\target\test-classes\self\roashe\kanutils\backend\GeneralTest.class]; nested exception is java.lang.IllegalArgumentException: Unsupported class file major version 60
Caused by: java.lang.IllegalArgumentException: Unsupported class file major version 60

testAddDoesNotExist  Time elapsed: 0 s  <<< ERROR!
java.lang.IllegalStateException: Failed to load ApplicationContext
Caused by: org.springframework.beans.factory.BeanDefinitionStoreException: Failed to read candidate component class: file [C:\Users\rolly\OneDrive\Documents\C387repos\KanUtils\target\test-classes\self\roashe\kanutils\backend\GeneralTest.class]; nested exception is org.springframework.core.NestedIOException: ASM ClassReader failed to parse class file - probably due to a new Java class file version that isn't supported yet: file [C:\Users\rolly\OneDrive\Documents\C387repos\KanUtils\target\test-classes\self\roashe\kanutils\backend\GeneralTest.class]; nested exception is java.lang.IllegalArgumentException: Unsupported class file major version 60
Caused by: org.springframework.core.NestedIOException: ASM ClassReader failed to parse class file - probably due to a new Java class file version that isn't supported yet: file [C:\Users\rolly\OneDrive\Documents\C387repos\KanUtils\target\test-classes\self\roashe\kanutils\backend\GeneralTest.class]; nested exception is java.lang.IllegalArgumentException: Unsupported class file major version 60
Caused by: java.lang.IllegalArgumentException: Unsupported class file major version 60

testGetByOnHiragana  Time elapsed: 0.001 s  <<< ERROR!
java.lang.IllegalStateException: Failed to load ApplicationContext
Caused by: org.springframework.beans.factory.BeanDefinitionStoreException: Failed to read candidate component class: file [C:\Users\rolly\OneDrive\Documents\C387repos\KanUtils\target\test-classes\self\roashe\kanutils\backend\GeneralTest.class]; nested exception is org.springframework.core.NestedIOException: ASM ClassReader failed to parse class file - probably due to a new Java class file version that isn't supported yet: file [C:\Users\rolly\OneDrive\Documents\C387repos\KanUtils\target\test-classes\self\roashe\kanutils\backend\GeneralTest.class]; nested exception is java.lang.IllegalArgumentException: Unsupported class file major version 60
Caused by: org.springframework.core.NestedIOException: ASM ClassReader failed to parse class file - probably due to a new Java class file version that isn't supported yet: file [C:\Users\rolly\OneDrive\Documents\C387repos\KanUtils\target\test-classes\self\roashe\kanutils\backend\GeneralTest.class]; nested exception is java.lang.IllegalArgumentException: Unsupported class file major version 60
Caused by: java.lang.IllegalArgumentException: Unsupported class file major version 60

