<?xml version="1.0" encoding="UTF-8"?>
<testsuite xmlns:xsi="http://www.w3.org/2001/XMLSchema-instance" xsi:noNamespaceSchemaLocation="https://maven.apache.org/surefire/maven-surefire-plugin/xsd/surefire-test-report-3.0.xsd" version="3.0" name="self.roashe.kanutils.backend.service.KanjiServiceImplTest" time="0.072" tests="5" errors="0" skipped="0" failures="0">
  <properties>
[...]
</properties>
  <testcase name="testAddKanjiMixedText" classname="self.roashe.kanutils.backend.service.KanjiServiceImplTest" time="0.024"/>
  <testcase name="testAddKanjiDataSet" classname="self.roashe.kanutils.backend.service.KanjiServiceImplTest" time="0.007"/>
  <testcase name="testAddKanji" classname="self.roashe.kanutils.backend.service.KanjiServiceImplTest" time="0.007"/>
  <testcase name="testAddKanjiNoKanji" classname="self.roashe.kanutils.backend.service.KanjiServiceImplTest" time="0.005"/>
  <testcase name="testAddKanjiMultiple" classname="self.roashe.kanutils.backend.service.KanjiServiceImplTest" time="0.008"/>
</testsuite>