<?xml version="1.0" encoding="UTF-8"?>
<testsuite xmlns:xsi="http://www.w3.org/2001/XMLSchema-instance" xsi:noNamespaceSchemaLocation="https://maven.apache.org/surefire/maven-surefire-plugin/xsd/surefire-test-report.xsd" name="self.roashe.kanutils.backend.dao.KanjiDaoDbImplTest" time="2.997" tests="14" errors="14" skipped="0" failures="0">
  <properties>
[...]
</properties>
  <testcase name="testGetByKun" classname="self.roashe.kanutils.backend.dao.KanjiDaoDbImplTest" time="0.008">
    <error message="Failed to load ApplicationContext" type="java.lang.IllegalStateException">java.lang.IllegalStateException: Failed to load ApplicationContext
Caused by: org.springframework.beans.factory.BeanDefinitionStoreException: Failed to read candidate component class: file [C:\Users\rolly\OneDrive\Documents\C387repos\KanUtils\target\test-classes\self\roashe\kanutils\backend\GeneralTest.class]; nested exception is org.springframework.core.NestedIOException: ASM ClassReader failed to parse class file - probably due to a new Java class file version that isn't supported yet: file [C:\Users\rolly\OneDrive\Documents\C387repos\KanUtils\target\test-classes\self\roashe\kanutils\backend\GeneralTest.class]; nested exception is java.lang.IllegalArgumentException: Unsupported class file major version 60
Caused by: org.springframework.core.NestedIOException: ASM ClassReader failed to parse class file - probably due to a new Java class file version that isn't supported yet: file [C:\Users\rolly\OneDrive\Documents\C387repos\KanUtils\target\test-classes\self\roashe\kanutils\backend\GeneralTest.class]; nested exception is java.lang.IllegalArgumentException: Unsupported class file major version 60
Caused by: java.lang.IllegalArgumentException: Unsupported class file major version 60
</error>
    <system-out><![CDATA[14:56:08.889 [main] DEBUG org.springframework.test.context.BootstrapUtils - Instantiating CacheAwareContextLoaderDelegate from class [org.springframework.test.context.cache.DefaultCacheAwareContextLoaderDelegate]
14:56:08.922 [main] DEBUG org.springframework.test.context.BootstrapUtils - Instantiating BootstrapContext using constructor [public org.springframework.test.context.support.DefaultBootstrapContext(java.lang.Class,org.springframework.test.context.CacheAwareContextLoaderDelegate)]
14:56:08.956 [main] DEBUG org.springframework.test.context.BootstrapUtils - Instantiating TestContextBootstrapper for test class [self.roashe.kanutils.backend.dao.KanjiDaoDbImplTest] from class [org.springframework.boot.test.context.SpringBootTestContextBootstrapper]
14:56:08.976 [main] INFO org.springframework.boot.test.context.SpringBootTestContextBootstrapper - Neither @ContextConfiguration nor @ContextHierarchy found for test class [self.roashe.kanutils.backend.dao.KanjiDaoDbImplTest], using SpringBootContextLoader
14:56:08.982 [main] DEBUG org.springframework.test.context.support.AbstractContextLoader - Did not detect default resource location for test class [self.roashe.kanutils.backend.dao.KanjiDaoDbImplTest]: class path resource [self/roashe/kanutils/backend/dao/KanjiDaoDbImplTest-context.xml] does not exist
14:56:08.982 [main] DEBUG org.springframework.test.context.support.AbstractContextLoader - Did not detect default resource location for test class [self.roashe.kanutils.backend.dao.KanjiDaoDbImplTest]: class path resource [self/roashe/kanutils/backend/dao/KanjiDaoDbImplTestContext.groovy] does not exist
14:56:08.982 [main] INFO org.springframework.test.context.support.AbstractContextLoader - Could not detect default resource locations for test class [self.roashe.kanutils.backend.dao.KanjiDaoDbImplTest]: no resource found for suffixes {-context.xml, Context.groovy}.
14:56:09.040 [main] DEBUG org.springframework.test.context.support.ActiveProfilesUtils - Could not find an 'annotation declaring class' for annotation type [org.springframework.test.context.ActiveProfiles] and class [self.roashe.kanutils.backend.dao.KanjiDaoDbImplTest]
14:56:09.228 [main] DEBUG org.springframework.boot.test.context.SpringBootTestContextBootstrapper - @TestExecutionListeners is not present for class [self.roashe.kanutils.backend.dao.KanjiDaoDbImplTest]: using defaults.
14:56:09.229 [main] INFO org.springframework.boot.test.context.SpringBootTestContextBootstrapper - Loaded default TestExecutionListener class names from location [META-INF/spring.factories]: [org.springframework.boot.test.mock.mockito.MockitoTestExecutionListener, org.springframework.boot.test.mock.mockito.ResetMocksTestExecutionListener, org.springframework.boot.test.autoconfigure.restdocs.RestDocsTestExecutionListener, org.springframework.boot.test.autoconfigure.web.client.MockRestServiceServerResetTestExecutionListener, org.springframework.boot.test.autoconfigure.web.servlet.MockMvcPrintOnlyOnFailureTestExecutionListener, org.springframework.boot.test.autoconfigure.web.servlet.WebDriverTestExecutionListener, org.springframework.test.context.web.ServletTestExecutionListener, org.springframework.test.context.support.DirtiesContextBeforeModesTestExecutionListener, org.springframework.test.context.support.DependencyInjectionTestExecutionListener, org.springframework.test.context.support.DirtiesContextTestExecutionListener, org.springframework.test.context.transaction.TransactionalTestExecutionListener, org.springframework.test.context.jdbc.SqlScriptsTestExecutionListener]
14:56:09.257 [main] INFO org.springframework.boot.test.context.SpringBootTestContextBootstrapper - Using TestExecutionListeners: [org.springframework.test.context.web.ServletTestExecutionListener@163370c2, org.springframework.test.context.support.DirtiesContextBeforeModesTestExecutionListener@51bf5add, org.springframework.boot.test.mock.mockito.MockitoTestExecutionListener@7905a0b8, org.springframework.boot.test.autoconfigure.SpringBootDependencyInjectionTestExecutionListener@35a3d49f, org.springframework.test.context.support.DirtiesContextTestExecutionListener@389b0789, org.springframework.test.context.transaction.TransactionalTestExecutionListener@13d9cbf5, org.springframework.test.context.jdbc.SqlScriptsTestExecutionListener@478db956, org.springframework.boot.test.mock.mockito.ResetMocksTestExecutionListener@6ca18a14, org.springframework.boot.test.autoconfigure.restdocs.RestDocsTestExecutionListener@c667f46, org.springframework.boot.test.autoconfigure.web.client.MockRestServiceServerResetTestExecutionListener@51bd8b5c, org.springframework.boot.test.autoconfigure.web.servlet.MockMvcPrintOnlyOnFailureTestExecutionListener@7b50df34, org.springframework.boot.test.autoconfigure.web.servlet.WebDriverTestExecutionListener@1b410b60]
14:56:09.262 [main] DEBUG org.springframework.test.context.support.AbstractDirtiesContextTestExecutionListener - Before test class: context [DefaultTestContext@6531a794 testClass = KanjiDaoDbImplTest, testInstance = [null], testMethod = [null], testException = [null], mergedContextConfiguration = [WebMergedContextConfiguration@3b5fad2d testClass = KanjiDaoDbImplTest, locations = '{}', classes = '{class self.roashe.kanutils.backend.TestApplicationConfiguration, class self.roashe.kanutils.backend.TestApplicationConfiguration}', contextInitializerClasses = '[]', activeProfiles = '{}', propertySourceLocations = '{}', propertySourceProperties = '{org.springframework.boot.test.context.SpringBootTestContextBootstrapper=true}', contextCustomizers = set[org.springframework.boot.test.context.filter.ExcludeFilterContextCustomizer@2cdd0d4b, org.springframework.boot.test.json.DuplicateJsonObjectContextCustomizerFactory$DuplicateJsonObjectContextCustomizer@61d6015a, org.springframework.boot.test.mock.mockito.MockitoContextCustomizer@0, org.springframework.boot.test.web.client.TestRestTemplateContextCustomizer@1649b0e6, org.springframework.boot.test.autoconfigure.properties.PropertyMappingContextCustomizer@0, org.springframework.boot.test.autoconfigure.web.servlet.WebDriverContextCustomizerFactory$Customizer@378542de], resourceBasePath = 'src/main/webapp', contextLoader = 'org.springframework.boot.test.context.SpringBootContextLoader', parent = [null]], attributes = map['org.springframework.test.context.web.ServletTestExecutionListener.activateListener' -> true]], class annotated with @DirtiesContext [false] with mode [null].
14:56:09.307 [main] DEBUG org.springframework.test.context.support.TestPropertySourceUtils - Adding inlined properties to environment: {spring.jmx.enabled=false, org.springframework.boot.test.context.SpringBootTestContextBootstrapper=true, server.port=-1}

  .   ____          _            __ _ _
 /\\ / ___'_ __ _ _(_)_ __  __ _ \ \ \ \
( ( )\___ | '_ | '_| | '_ \/ _` | \ \ \ \
 \\/  ___)| |_)| | | | | || (_| |  ) ) ) )
  '  |____| .__|_| |_|_| |_\__, | / / / /
 =========|_|==============|___/=/_/_/_/
 :: Spring Boot ::        (v2.1.0.RELEASE)

]]></system-out>
  </testcase>
  <testcase name="testGetByKunKatakana" classname="self.roashe.kanutils.backend.dao.KanjiDaoDbImplTest" time="0">
    <error message="Failed to load ApplicationContext" type="java.lang.IllegalStateException">java.lang.IllegalStateException: Failed to load ApplicationContext
Caused by: org.springframework.beans.factory.BeanDefinitionStoreException: Failed to read candidate component class: file [C:\Users\rolly\OneDrive\Documents\C387repos\KanUtils\target\test-classes\self\roashe\kanutils\backend\GeneralTest.class]; nested exception is org.springframework.core.NestedIOException: ASM ClassReader failed to parse class file - probably due to a new Java class file version that isn't supported yet: file [C:\Users\rolly\OneDrive\Documents\C387repos\KanUtils\target\test-classes\self\roashe\kanutils\backend\GeneralTest.class]; nested exception is java.lang.IllegalArgumentException: Unsupported class file major version 60
Caused by: org.springframework.core.NestedIOException: ASM ClassReader failed to parse class file - probably due to a new Java class file version that isn't supported yet: file [C:\Users\rolly\OneDrive\Documents\C387repos\KanUtils\target\test-classes\self\roashe\kanutils\backend\GeneralTest.class]; nested exception is java.lang.IllegalArgumentException: Unsupported class file major version 60
Caused by: java.lang.IllegalArgumentException: Unsupported class file major version 60
</error>
    <system-out><![CDATA[
  .   ____          _            __ _ _
 /\\ / ___'_ __ _ _(_)_ __  __ _ \ \ \ \
( ( )\___ | '_ | '_| | '_ \/ _` | \ \ \ \
 \\/  ___)| |_)| | | | | || (_| |  ) ) ) )
  '  |____| .__|_| |_|_| |_\__, | / / / /
 =========|_|==============|___/=/_/_/_/
 :: Spring Boot ::        (v2.1.0.RELEASE)

]]></system-out>
  </testcase>
  <testcase name="testValuesAdded" classname="self.roashe.kanutils.backend.dao.KanjiDaoDbImplTest" time="0.001">
    <error message="Failed to load ApplicationContext" type="java.lang.IllegalStateException">java.lang.IllegalStateException: Failed to load ApplicationContext
Caused by: org.springframework.beans.factory.BeanDefinitionStoreException: Failed to read candidate component class: file [C:\Users\rolly\OneDrive\Documents\C387repos\KanUtils\target\test-classes\self\roashe\kanutils\backend\GeneralTest.class]; nested exception is org.springframework.core.NestedIOException: ASM ClassReader failed to parse class file - probably due to a new Java class file version that isn't supported yet: file [C:\Users\rolly\OneDrive\Documents\C387repos\KanUtils\target\test-classes\self\roashe\kanutils\backend\GeneralTest.class]; nested exception is java.lang.IllegalArgumentException: Unsupported class file major version 60
Caused by: org.springframework.core.NestedIOException: ASM ClassReader failed to parse class file - probably due to a new Java class file version that isn't supported yet: file [C:\Users\rolly\OneDrive\Documents\C387repos\KanUtils\target\test-classes\self\roashe\kanutils\backend\GeneralTest.class]; nested exception is java.lang.IllegalArgumentException: Unsupported class file major version 60
Caused by: java.lang.IllegalArgumentException: Unsupported class file major version 60
</error>
    <system-out><![CDATA[
  .   ____          _            __ _ _
 /\\ / ___'_ __ _ _(_)_ __  __ _ \ \ \ \
( ( )\___ | '_ | '_| | '_ \/ _` | \ \ \ \
 \\/  ___)| |_)| | | | | || (_| |  ) ) ) )
  '  |____| .__|_| |_|_| |_\__, | / / / /
 =========|_|==============|___/=/_/_/_/
 :: Spring Boot ::        (v2.1.0.RELEASE)

]]></system-out>
  </testcase>
  <testcase name="testDelte" classname="self.roashe.kanutils.backend.dao.KanjiDaoDbImplTest" time="0.002">
    <error message="Failed to load ApplicationContext" type="java.lang.IllegalStateException">java.lang.IllegalStateException: Failed to load ApplicationContext
Caused by: org.springframework.beans.factory.BeanDefinitionStoreException: Failed to read candidate component class: file [C:\Users\rolly\OneDrive\Documents\C387repos\KanUtils\target\test-classes\self\roashe\kanutils\backend\GeneralTest.class]; nested exception is org.springframework.core.NestedIOException: ASM ClassReader failed to parse class file - probably due to a new Java class file version that isn't supported yet: file [C:\Users\rolly\OneDrive\Documents\C387repos\KanUtils\target\test-classes\self\roashe\kanutils\backend\GeneralTest.class]; nested exception is java.lang.IllegalArgumentException: Unsupported class file major version 60
Caused by: org.springframework.core.NestedIOException: ASM ClassReader failed to parse class file - probably due to a new Java class file version that isn't supported yet: file [C:\Users\rolly\OneDrive\Documents\C387repos\KanUtils\target\test-classes\self\roashe\kanutils\backend\GeneralTest.class]; nested exception is java.lang.IllegalArgumentException: Unsupported class file major version 60
Caused by: java.lang.IllegalArgumentException: Unsupported class file major version 60
</error>
    <system-out><![CDATA[
  .   ____          _            __ _ _
 /\\ / ___'_ __ _ _(_)_ __  __ _ \ \ \ \
( ( )\___ | '_ | '_| | '_ \/ _` | \ \ \ \
 \\/  ___)| |_)| | | | | || (_| |  ) ) ) )
  '  |____| .__|_| |_|_| |_\__, | / / / /
 =========|_|==============|___/=/_/_/_/
 :: Spring Boot ::        (v2.1.0.RELEASE)

]]></system-out>
  </testcase>
  <testcase name="testGetByOn" classname="self.roashe.kanutils.backend.dao.KanjiDaoDbImplTest" time="0.001">
    <error message="Failed to load ApplicationContext" type="java.lang.IllegalStateException">java.lang.IllegalStateException: Failed to load ApplicationContext
Caused by: org.springframework.beans.factory.BeanDefinitionStoreException: Failed to read candidate component class: file [C:\Users\rolly\OneDrive\Documents\C387repos\KanUtils\target\test-classes\self\roashe\kanutils\backend\GeneralTest.class]; nested exception is org.springframework.core.NestedIOException: ASM ClassReader failed to parse class file - probably due to a new Java class file version that isn't supported yet: file [C:\Users\rolly\OneDrive\Documents\C387repos\KanUtils\target\test-classes\self\roashe\kanutils\backend\GeneralTest.class]; nested exception is java.lang.IllegalArgumentException: Unsupported class file major version 60
Caused by: org.springframework.core.NestedIOException: ASM ClassReader failed to parse class file - probably due to a new Java class file version that isn't supported yet: file [C:\Users\rolly\OneDrive\Documents\C387repos\KanUtils\target\test-classes\self\roashe\kanutils\backend\GeneralTest.class]; nested exception is java.lang.IllegalArgumentException: Unsupported class file major version 60
Caused by: java.lang.IllegalArgumentException: Unsupported class file major version 60
</error>
    <system-out><![CDATA[
  .   ____          _            __ _ _
 /\\ / ___'_ __ _ _(_)_ __  __ _ \ \ \ \
( ( )\___ | '_ | '_| | '_ \/ _` | \ \ \ \
 \\/  ___)| |_)| | | | | || (_| |  ) ) ) )
  '  |____| .__|_| |_|_| |_\__, | / / / /
 =========|_|==============|___/=/_/_/_/
 :: Spring Boot ::        (v2.1.0.RELEASE)

]]></system-out>
  </testcase>
  <testcase name="testAutowiring" classname="self.roashe.kanutils.backend.dao.KanjiDaoDbImplTest" time="0.001">
    <error message="Failed to load ApplicationContext" type="java.lang.IllegalStateException">java.lang.IllegalStateException: Failed to load ApplicationContext
Caused by: org.springframework.beans.factory.BeanDefinitionStoreException: Failed to read candidate component class: file [C:\Users\rolly\OneDrive\Documents\C387repos\KanUtils\target\test-classes\self\roashe\kanutils\backend\GeneralTest.class]; nested exception is org.springframework.core.NestedIOException: ASM ClassReader failed to parse class file - probably due to a new Java class file version that isn't supported yet: file [C:\Users\rolly\OneDrive\Documents\C387repos\KanUtils\target\test-classes\self\roashe\kanutils\backend\GeneralTest.class]; nested exception is java.lang.IllegalArgumentException: Unsupported class file major version 60
Caused by: org.springframework.core.NestedIOException: ASM ClassReader failed to parse class file - probably due to a new Java class file version that isn't supported yet: file [C:\Users\rolly\OneDrive\Documents\C387repos\KanUtils\target\test-classes\self\roashe\kanutils\backend\GeneralTest.class]; nested exception is java.lang.IllegalArgumentException: Unsupported class file major version 60
Caused by: java.lang.IllegalArgumentException: Unsupported class file major version 60
</error>
    <system-out><![CDATA[
  .   ____          _            __ _ _
 /\\ / ___'_ __ _ _(_)_ __  __ _ \ \ \ \
( ( )\___ | '_ | '_| | '_ \/ _` | \ \ \ \
 \\/  ___)| |_)| | | | | || (_| |  ) ) ) )
  '  |____| .__|_| |_|_| |_\__, | / / / /
 =========|_|==============|___/=/_/_/_/
 :: Spring Boot ::        (v2.1.0.RELEASE)

]]></system-out>
  </testcase>
  <testcase name="testAddExists" classname="self.roashe.kanutils.backend.dao.KanjiDaoDbImplTest" time="0">
    <error message="Failed to load ApplicationContext" type="java.lang.IllegalStateException">java.lang.IllegalStateException: Failed to load ApplicationContext
Caused by: org.springframework.beans.factory.BeanDefinitionStoreException: Failed to read candidate component class: file [C:\Users\rolly\OneDrive\Documents\C387repos\KanUtils\target\test-classes\self\roashe\kanutils\backend\GeneralTest.class]; nested exception is org.springframework.core.NestedIOException: ASM ClassReader failed to parse class file - probably due to a new Java class file version that isn't supported yet: file [C:\Users\rolly\OneDrive\Documents\C387repos\KanUtils\target\test-classes\self\roashe\kanutils\backend\GeneralTest.class]; nested exception is java.lang.IllegalArgumentException: Unsupported class file major version 60
Caused by: org.springframework.core.NestedIOException: ASM ClassReader failed to parse class file - probably due to a new Java class file version that isn't supported yet: file [C:\Users\rolly\OneDrive\Documents\C387repos\KanUtils\target\test-classes\self\roashe\kanutils\backend\GeneralTest.class]; nested exception is java.lang.IllegalArgumentException: Unsupported class file major version 60
Caused by: java.lang.IllegalArgumentException: Unsupported class file major version 60
</error>
    <system-out><![CDATA[
  .   ____          _            __ _ _
 /\\ / ___'_ __ _ _(_)_ __  __ _ \ \ \ \
( ( )\___ | '_ | '_| | '_ \/ _` | \ \ \ \
 \\/  ___)| |_)| | | | | || (_| |  ) ) ) )
  '  |____| .__|_| |_|_| |_\__, | / / / /
 =========|_|==============|___/=/_/_/_/
 :: Spring Boot ::        (v2.1.0.RELEASE)

]]></system-out>
  </testcase>
  <testcase name="testGetAllMissingParts" classname="self.roashe.kanutils.backend.dao.KanjiDaoDbImplTest" time="0">
    <error message="Failed to load ApplicationContext" type="java.lang.IllegalStateException">java.lang.IllegalStateException: Failed to load ApplicationContext
Caused by: org.springframework.beans.factory.BeanDefinitionStoreException: Failed to read candidate component class: file [C:\Users\rolly\OneDrive\Documents\C387repos\KanUtils\target\test-classes\self\roashe\kanutils\backend\GeneralTest.class]; nested exception is org.springframework.core.NestedIOException: ASM ClassReader failed to parse class file - probably due to a new Java class file version that isn't supported yet: file [C:\Users\rolly\OneDrive\Documents\C387repos\KanUtils\target\test-classes\self\roashe\kanutils\backend\GeneralTest.class]; nested exception is java.lang.IllegalArgumentException: Unsupported class file major version 60
Caused by: org.springframework.core.NestedIOException: ASM ClassReader failed to parse class file - probably due to a new Java class file version that isn't supported yet: file [C:\Users\rolly\OneDrive\Documents\C387repos\KanUtils\target\test-classes\self\roashe\kanutils\backend\GeneralTest.class]; nested exception is java.lang.IllegalArgumentException: Unsupported class file major version 60
Caused by: java.lang.IllegalArgumentException: Unsupported class file major version 60
</error>
    <system-out><![CDATA[
  .   ____          _            __ _ _
 /\\ / ___'_ __ _ _(_)_ __  __ _ \ \ \ \
( ( )\___ | '_ | '_| | '_ \/ _` | \ \ \ \
 \\/  ___)| |_)| | | | | || (_| |  ) ) ) )
  '  |____| .__|_| |_|_| |_\__, | / / / /
 =========|_|==============|___/=/_/_/_/
 :: Spring Boot ::        (v2.1.0.RELEASE)

]]></system-out>
  </testcase>
  <testcase name="testGetByOnMixedCharacters" classname="self.roashe.kanutils.backend.dao.KanjiDaoDbImplTest" time="0">
    <error message="Failed to load ApplicationContext" type="java.lang.IllegalStateException">java.lang.IllegalStateException: Failed to load ApplicationContext
Caused by: org.springframework.beans.factory.BeanDefinitionStoreException: Failed to read candidate component class: file [C:\Users\rolly\OneDrive\Documents\C387repos\KanUtils\target\test-classes\self\roashe\kanutils\backend\GeneralTest.class]; nested exception is org.springframework.core.NestedIOException: ASM ClassReader failed to parse class file - probably due to a new Java class file version that isn't supported yet: file [C:\Users\rolly\OneDrive\Documents\C387repos\KanUtils\target\test-classes\self\roashe\kanutils\backend\GeneralTest.class]; nested exception is java.lang.IllegalArgumentException: Unsupported class file major version 60
Caused by: org.springframework.core.NestedIOException: ASM ClassReader failed to parse class file - probably due to a new Java class file version that isn't supported yet: file [C:\Users\rolly\OneDrive\Documents\C387repos\KanUtils\target\test-classes\self\roashe\kanutils\backend\GeneralTest.class]; nested exception is java.lang.IllegalArgumentException: Unsupported class file major version 60
Caused by: java.lang.IllegalArgumentException: Unsupported class file major version 60
</error>
    <system-out><![CDATA[
  .   ____          _            __ _ _
 /\\ / ___'_ __ _ _(_)_ __  __ _ \ \ \ \
( ( )\___ | '_ | '_| | '_ \/ _` | \ \ \ \
 \\/  ___)| |_)| | | | | || (_| |  ) ) ) )
  '  |____| .__|_| |_|_| |_\__, | / / / /
 =========|_|==============|___/=/_/_/_/
 :: Spring Boot ::        (v2.1.0.RELEASE)

]]></system-out>
  </testcase>
  <testcase name="testExport" classname="self.roashe.kanutils.backend.dao.KanjiDaoDbImplTest" time="0.003">
    <error message="Failed to load ApplicationContext" type="java.lang.IllegalStateException">java.lang.IllegalStateException: Failed to load ApplicationContext
Caused by: org.springframework.beans.factory.BeanDefinitionStoreException: Failed to read candidate component class: file [C:\Users\rolly\OneDrive\Documents\C387repos\KanUtils\target\test-classes\self\roashe\kanutils\backend\GeneralTest.class]; nested exception is org.springframework.core.NestedIOException: ASM ClassReader failed to parse class file - probably due to a new Java class file version that isn't supported yet: file [C:\Users\rolly\OneDrive\Documents\C387repos\KanUtils\target\test-classes\self\roashe\kanutils\backend\GeneralTest.class]; nested exception is java.lang.IllegalArgumentException: Unsupported class file major version 60
Caused by: org.springframework.core.NestedIOException: ASM ClassReader failed to parse class file - probably due to a new Java class file version that isn't supported yet: file [C:\Users\rolly\OneDrive\Documents\C387repos\KanUtils\target\test-classes\self\roashe\kanutils\backend\GeneralTest.class]; nested exception is java.lang.IllegalArgumentException: Unsupported class file major version 60
Caused by: java.lang.IllegalArgumentException: Unsupported class file major version 60
</error>
    <system-out><![CDATA[
  .   ____          _            __ _ _
 /\\ / ___'_ __ _ _(_)_ __  __ _ \ \ \ \
( ( )\___ | '_ | '_| | '_ \/ _` | \ \ \ \
 \\/  ___)| |_)| | | | | || (_| |  ) ) ) )
  '  |____| .__|_| |_|_| |_\__, | / / / /
 =========|_|==============|___/=/_/_/_/
 :: Spring Boot ::        (v2.1.0.RELEASE)

]]></system-out>
  </testcase>
  <testcase name="testGetAll" classname="self.roashe.kanutils.backend.dao.KanjiDaoDbImplTest" time="0">
    <error message="Failed to load ApplicationContext" type="java.lang.IllegalStateException">java.lang.IllegalStateException: Failed to load ApplicationContext
Caused by: org.springframework.beans.factory.BeanDefinitionStoreException: Failed to read candidate component class: file [C:\Users\rolly\OneDrive\Documents\C387repos\KanUtils\target\test-classes\self\roashe\kanutils\backend\GeneralTest.class]; nested exception is org.springframework.core.NestedIOException: ASM ClassReader failed to parse class file - probably due to a new Java class file version that isn't supported yet: file [C:\Users\rolly\OneDrive\Documents\C387repos\KanUtils\target\test-classes\self\roashe\kanutils\backend\GeneralTest.class]; nested exception is java.lang.IllegalArgumentException: Unsupported class file major version 60
Caused by: org.springframework.core.NestedIOException: ASM ClassReader failed to parse class file - probably due to a new Java class file version that isn't supported yet: file [C:\Users\rolly\OneDrive\Documents\C387repos\KanUtils\target\test-classes\self\roashe\kanutils\backend\GeneralTest.class]; nested exception is java.lang.IllegalArgumentException: Unsupported class file major version 60
Caused by: java.lang.IllegalArgumentException: Unsupported class file major version 60
</error>
    <system-out><![CDATA[
  .   ____          _            __ _ _
 /\\ / ___'_ __ _ _(_)_ __  __ _ \ \ \ \
( ( )\___ | '_ | '_| | '_ \/ _` | \ \ \ \
 \\/  ___)| |_)| | | | | || (_| |  ) ) ) )
  '  |____| .__|_| |_|_| |_\__, | / / / /
 =========|_|==============|___/=/_/_/_/
 :: Spring Boot ::        (v2.1.0.RELEASE)

]]></system-out>
  </testcase>
  <testcase name="testGetByKunMixedCharacters" classname="self.roashe.kanutils.backend.dao.KanjiDaoDbImplTest" time="0">
    <error message="Failed to load ApplicationContext" type="java.lang.IllegalStateException">java.lang.IllegalStateException: Failed to load ApplicationContext
Caused by: org.springframework.beans.factory.BeanDefinitionStoreException: Failed to read candidate component class: file [C:\Users\rolly\OneDrive\Documents\C387repos\KanUtils\target\test-classes\self\roashe\kanutils\backend\GeneralTest.class]; nested exception is org.springframework.core.NestedIOException: ASM ClassReader failed to parse class file - probably due to a new Java class file version that isn't supported yet: file [C:\Users\rolly\OneDrive\Documents\C387repos\KanUtils\target\test-classes\self\roashe\kanutils\backend\GeneralTest.class]; nested exception is java.lang.IllegalArgumentException: Unsupported class file major version 60
Caused by: org.springframework.core.NestedIOException: ASM ClassReader failed to parse class file - probably due to a new Java class file version that isn't supported yet: file [C:\Users\rolly\OneDrive\Documents\C387repos\KanUtils\target\test-classes\self\roashe\kanutils\backend\GeneralTest.class]; nested exception is java.lang.IllegalArgumentException: Unsupported class file major version 60
Caused by: java.lang.IllegalArgumentException: Unsupported class file major version 60
</error>
    <system-out><![CDATA[
  .   ____          _            __ _ _
 /\\ / ___'_ __ _ _(_)_ __  __ _ \ \ \ \
( ( )\___ | '_ | '_| | '_ \/ _` | \ \ \ \
 \\/  ___)| |_)| | | | | || (_| |  ) ) ) )
  '  |____| .__|_| |_|_| |_\__, | / / / /
 =========|_|==============|___/=/_/_/_/
 :: Spring Boot ::        (v2.1.0.RELEASE)

]]></system-out>
  </testcase>
  <testcase name="testAddDoesNotExist" classname="self.roashe.kanutils.backend.dao.KanjiDaoDbImplTest" time="0">
    <error message="Failed to load ApplicationContext" type="java.lang.IllegalStateException">java.lang.IllegalStateException: Failed to load ApplicationContext
Caused by: org.springframework.beans.factory.BeanDefinitionStoreException: Failed to read candidate component class: file [C:\Users\rolly\OneDrive\Documents\C387repos\KanUtils\target\test-classes\self\roashe\kanutils\backend\GeneralTest.class]; nested exception is org.springframework.core.NestedIOException: ASM ClassReader failed to parse class file - probably due to a new Java class file version that isn't supported yet: file [C:\Users\rolly\OneDrive\Documents\C387repos\KanUtils\target\test-classes\self\roashe\kanutils\backend\GeneralTest.class]; nested exception is java.lang.IllegalArgumentException: Unsupported class file major version 60
Caused by: org.springframework.core.NestedIOException: ASM ClassReader failed to parse class file - probably due to a new Java class file version that isn't supported yet: file [C:\Users\rolly\OneDrive\Documents\C387repos\KanUtils\target\test-classes\self\roashe\kanutils\backend\GeneralTest.class]; nested exception is java.lang.IllegalArgumentException: Unsupported class file major version 60
Caused by: java.lang.IllegalArgumentException: Unsupported class file major version 60
</error>
    <system-out><![CDATA[
  .   ____          _            __ _ _
 /\\ / ___'_ __ _ _(_)_ __  __ _ \ \ \ \
( ( )\___ | '_ | '_| | '_ \/ _` | \ \ \ \
 \\/  ___)| |_)| | | | | || (_| |  ) ) ) )
  '  |____| .__|_| |_|_| |_\__, | / / / /
 =========|_|==============|___/=/_/_/_/
 :: Spring Boot ::        (v2.1.0.RELEASE)

]]></system-out>
  </testcase>
  <testcase name="testGetByOnHiragana" classname="self.roashe.kanutils.backend.dao.KanjiDaoDbImplTest" time="0.001">
    <error message="Failed to load ApplicationContext" type="java.lang.IllegalStateException">java.lang.IllegalStateException: Failed to load ApplicationContext
Caused by: org.springframework.beans.factory.BeanDefinitionStoreException: Failed to read candidate component class: file [C:\Users\rolly\OneDrive\Documents\C387repos\KanUtils\target\test-classes\self\roashe\kanutils\backend\GeneralTest.class]; nested exception is org.springframework.core.NestedIOException: ASM ClassReader failed to parse class file - probably due to a new Java class file version that isn't supported yet: file [C:\Users\rolly\OneDrive\Documents\C387repos\KanUtils\target\test-classes\self\roashe\kanutils\backend\GeneralTest.class]; nested exception is java.lang.IllegalArgumentException: Unsupported class file major version 60
Caused by: org.springframework.core.NestedIOException: ASM ClassReader failed to parse class file - probably due to a new Java class file version that isn't supported yet: file [C:\Users\rolly\OneDrive\Documents\C387repos\KanUtils\target\test-classes\self\roashe\kanutils\backend\GeneralTest.class]; nested exception is java.lang.IllegalArgumentException: Unsupported class file major version 60
Caused by: java.lang.IllegalArgumentException: Unsupported class file major version 60
</error>
    <system-out><![CDATA[
  .   ____          _            __ _ _
 /\\ / ___'_ __ _ _(_)_ __  __ _ \ \ \ \
( ( )\___ | '_ | '_| | '_ \/ _` | \ \ \ \
 \\/  ___)| |_)| | | | | || (_| |  ) ) ) )
  '  |____| .__|_| |_|_| |_\__, | / / / /
 =========|_|==============|___/=/_/_/_/
 :: Spring Boot ::        (v2.1.0.RELEASE)

]]></system-out>
  </testcase>
</testsuite>